<?xml version="1.0" encoding="UTF-8"?>
<!-- Generated by org.testng.reporters.JUnitReportReporter -->
<testsuite skipped="0" hostname="welcome-PC" name="OneFlowSystems.Vuejs.VueShopTest" tests="1" failures="0" timestamp="28 Jan 2019 13:28:44 GMT" time="15.174" errors="0">
  <testcase name="Vueshop" time="15.174" classname="OneFlowSystems.Vuejs.VueShopTest"/>
</testsuite> <!-- OneFlowSystems.Vuejs.VueShopTest -->
